{
  "RSpec": {
    "coverage": {
      "/Users/Marios/Development/code/rails/recommender-app/app/models/kmeans.rb": [
        1,
        1,
        null,
        1,
        1,
        1,
        1,
        0,
        0,
        0,
        0,
        0,
        null,
        null,
        0,
        0,
        0,
        null,
        0,
        null,
        null,
        null,
        1,
        null,
        0,
        0,
        0,
        null,
        0,
        null,
        null,
        1,
        null,
        2,
        2,
        4,
        null,
        2,
        null,
        null,
        1,
        1,
        1,
        0,
        0,
        null,
        0,
        null,
        0,
        null,
        null,
        null,
        null,
        1,
        0,
        0,
        0,
        null,
        0,
        0,
        null,
        0,
        0,
        null,
        0,
        0,
        0,
        0,
        0,
        0,
        null,
        null,
        null,
        null
      ]
    },
    "timestamp": 1385070724
  }
}
